<?xml version="1.0" encoding="UTF-8"?>
<!-- Generated by org.testng.reporters.JUnitReportReporter -->
<testsuite skipped="0" hostname="ReyaLabPC" name="testCases.DEL_Delete_A_Product" tests="1" failures="0" timestamp="21 Sep 2021 01:30:08 GMT" time="3.418" errors="0">
  <testcase name="del_Delete_A_Product" time="3.418" classname="testCases.DEL_Delete_A_Product"/>
</testsuite> <!-- testCases.DEL_Delete_A_Product -->
