<?xml version="1.0" encoding="UTF-8"?>
<!-- Generated by org.testng.reporters.JUnitReportReporter -->
<testsuite skipped="0" hostname="ReyaLabPC" name="testCases.POST_Create_A_Product" tests="1" failures="0" timestamp="21 Sep 2021 01:28:41 GMT" time="3.174" errors="0">
  <testcase name="post_Create_A_Product" time="3.174" classname="testCases.POST_Create_A_Product"/>
</testsuite> <!-- testCases.POST_Create_A_Product -->
