<?xml version="1.0" encoding="UTF-8"?>
<!-- Generated by org.testng.reporters.JUnitReportReporter -->
<testsuite skipped="0" hostname="ReyaLabPC" name="testCases.GET_Read_All_Products" tests="1" failures="0" timestamp="21 Sep 2021 01:31:02 GMT" time="3.532" errors="0">
  <testcase name="get_Read_All_Products" time="3.532" classname="testCases.GET_Read_All_Products"/>
</testsuite> <!-- testCases.GET_Read_All_Products -->
