<?xml version="1.0" encoding="UTF-8"?>
<!-- Generated by org.testng.reporters.JUnitReportReporter -->
<testsuite skipped="0" hostname="ReyaLabPC" name="testCases.GET_Read_A_Product" tests="1" failures="0" timestamp="21 Sep 2021 01:28:41 GMT" time="0.751" errors="0">
  <testcase name="get_Read_A_Product" time="0.751" classname="testCases.GET_Read_A_Product"/>
</testsuite> <!-- testCases.GET_Read_A_Product -->
